<?xml version="1.0" encoding="utf-8"?><testsuites name="pytest tests"><testsuite name="pytest" errors="0" failures="0" skipped="0" tests="10" time="3.813" timestamp="2026-04-24T06:01:39.536208+00:00" hostname="agent-env-ae981457-26ee-47a1-ba4f-d583961b3d8a"><testcase classname="backend.tests.backend_test" name="test_root" time="0.262" /><testcase classname="backend.tests.backend_test" name="test_signup_and_me" time="0.331" /><testcase classname="backend.tests.backend_test" name="test_signup_duplicate" time="0.088" /><testcase classname="backend.tests.backend_test" name="test_login_demo" time="0.294" /><testcase classname="backend.tests.backend_test" name="test_login_wrong_password" time="0.275" /><testcase classname="backend.tests.backend_test" name="test_me_without_token" time="0.050" /><testcase classname="backend.tests.backend_test" name="test_todos_require_auth" time="0.049" /><testcase classname="backend.tests.backend_test" name="test_todo_crud_and_encryption" time="0.595" /><testcase classname="backend.tests.backend_test" name="test_user_isolation" time="0.474" /><testcase classname="backend.tests.backend_test" name="test_mfa_flow" time="1.174" /></testsuite></testsuites>